# JRE version: Java(TM) SE Runtime Environment (8.0_251-b08) (build 1.8.0_251-b08)
# Java VM: Java HotSpot(TM) 64-Bit Server VM (25.251-b08 mixed mode windows-amd64 compressed oops)
Heap:
 PSYoungGen      total 154624K, used 131576K [0x00000000f5580000, 0x0000000100000000, 0x0000000100000000)
  eden space 141824K, 83% used [0x00000000f5580000,0x00000000fc984128,0x00000000fe000000)
  from space 12800K, 99% used [0x00000000ff380000,0x00000000ffffa040,0x0000000100000000)
  to   space 16384K, 0% used [0x00000000fe000000,0x00000000fe000000,0x00000000ff000000)
 ParOldGen       total 175104K, used 19968K [0x00000000e0000000, 0x00000000eab00000, 0x00000000f5580000)
  object space 175104K, 11% used [0x00000000e0000000,0x00000000e1380200,0x00000000eab00000)
 Metaspace       used 54874K, capacity 58738K, committed 58880K, reserved 1099776K
  class space    used 7907K, capacity 8616K, committed 8704K, reserved 1048576K
GC Heap History (10 events):
Event: 13.280 GC heap before
{Heap before GC invocations=8 (full 1):
 PSYoungGen      total 111616K, used 54983K [0x00000000f5580000, 0x00000000fd080000, 0x0000000100000000)
  eden space 99328K, 46% used [0x00000000f5580000,0x00000000f8249330,0x00000000fb680000)
  from space 12288K, 74% used [0x00000000fc280000,0x00000000fcb68b20,0x00000000fce80000)
  to   space 12288K, 0% used [0x00000000fb680000,0x00000000fb680000,0x00000000fc280000)
 ParOldGen       total 175104K, used 8868K [0x00000000e0000000, 0x00000000eab00000, 0x00000000f5580000)
  object space 175104K, 5% used [0x00000000e0000000,0x00000000e08a9230,0x00000000eab00000)
 Metaspace       used 33453K, capacity 35340K, committed 35456K, reserved 1079296K
  class space    used 4814K, capacity 5160K, committed 5248K, reserved 1048576K
Event: 13.304 GC heap after
Heap after GC invocations=8 (full 1):
 PSYoungGen      total 111616K, used 7380K [0x00000000f5580000, 0x00000000fff00000, 0x0000000100000000)
  eden space 99328K, 0% used [0x00000000f5580000,0x00000000f5580000,0x00000000fb680000)
  from space 12288K, 60% used [0x00000000fb680000,0x00000000fbdb50a8,0x00000000fc280000)
  to   space 11776K, 0% used [0x00000000ff380000,0x00000000ff380000,0x00000000fff00000)
 ParOldGen       total 175104K, used 8876K [0x00000000e0000000, 0x00000000eab00000, 0x00000000f5580000)
  object space 175104K, 5% used [0x00000000e0000000,0x00000000e08ab230,0x00000000eab00000)
 Metaspace       used 33453K, capacity 35340K, committed 35456K, reserved 1079296K
  class space    used 4814K, capacity 5160K, committed 5248K, reserved 1048576K
}
Event: 13.304 GC heap before
{Heap before GC invocations=9 (full 2):
 PSYoungGen      total 111616K, used 7380K [0x00000000f5580000, 0x00000000fff00000, 0x0000000100000000)
  eden space 99328K, 0% used [0x00000000f5580000,0x00000000f5580000,0x00000000fb680000)
  from space 12288K, 60% used [0x00000000fb680000,0x00000000fbdb50a8,0x00000000fc280000)
  to   space 11776K, 0% used [0x00000000ff380000,0x00000000ff380000,0x00000000fff00000)
 ParOldGen       total 175104K, used 8876K [0x00000000e0000000, 0x00000000eab00000, 0x00000000f5580000)
  object space 175104K, 5% used [0x00000000e0000000,0x00000000e08ab230,0x00000000eab00000)
 Metaspace       used 33453K, capacity 35340K, committed 35456K, reserved 1079296K
  class space    used 4814K, capacity 5160K, committed 5248K, reserved 1048576K
Event: 13.405 GC heap after
Heap after GC invocations=9 (full 2):
 PSYoungGen      total 111616K, used 0K [0x00000000f5580000, 0x00000000fff00000, 0x0000000100000000)
  eden space 99328K, 0% used [0x00000000f5580000,0x00000000f5580000,0x00000000fb680000)
  from space 12288K, 0% used [0x00000000fb680000,0x00000000fb680000,0x00000000fc280000)
  to   space 11776K, 0% used [0x00000000ff380000,0x00000000ff380000,0x00000000fff00000)
 ParOldGen       total 175104K, used 14350K [0x00000000e0000000, 0x00000000eab00000, 0x00000000f5580000)
  object space 175104K, 8% used [0x00000000e0000000,0x00000000e0e03868,0x00000000eab00000)
 Metaspace       used 33453K, capacity 35340K, committed 35456K, reserved 1079296K
  class space    used 4814K, capacity 5160K, committed 5248K, reserved 1048576K
}
Event: 15.332 GC heap before
{Heap before GC invocations=10 (full 2):
 PSYoungGen      total 111616K, used 99328K [0x00000000f5580000, 0x00000000fff00000, 0x0000000100000000)
  eden space 99328K, 100% used [0x00000000f5580000,0x00000000fb680000,0x00000000fb680000)
  from space 12288K, 0% used [0x00000000fb680000,0x00000000fb680000,0x00000000fc280000)
  to   space 11776K, 0% used [0x00000000ff380000,0x00000000ff380000,0x00000000fff00000)
 ParOldGen       total 175104K, used 14350K [0x00000000e0000000, 0x00000000eab00000, 0x00000000f5580000)
  object space 175104K, 8% used [0x00000000e0000000,0x00000000e0e03868,0x00000000eab00000)
 Metaspace       used 38511K, capacity 40700K, committed 40960K, reserved 1083392K
  class space    used 5673K, capacity 6096K, committed 6144K, reserved 1048576K
Event: 15.346 GC heap after
Heap after GC invocations=10 (full 2):
 PSYoungGen      total 150528K, used 7163K [0x00000000f5580000, 0x00000000ffa80000, 0x0000000100000000)
  eden space 143360K, 0% used [0x00000000f5580000,0x00000000f5580000,0x00000000fe180000)
  from space 7168K, 99% used [0x00000000ff380000,0x00000000ffa7efc0,0x00000000ffa80000)
  to   space 11776K, 0% used [0x00000000fe380000,0x00000000fe380000,0x00000000fef00000)
 ParOldGen       total 175104K, used 14350K [0x00000000e0000000, 0x00000000eab00000, 0x00000000f5580000)
  object space 175104K, 8% used [0x00000000e0000000,0x00000000e0e03868,0x00000000eab00000)
 Metaspace       used 38511K, capacity 40700K, committed 40960K, reserved 1083392K
  class space    used 5673K, capacity 6096K, committed 6144K, reserved 1048576K
}
Event: 18.502 GC heap before
{Heap before GC invocations=11 (full 2):
 PSYoungGen      total 150528K, used 150523K [0x00000000f5580000, 0x00000000ffa80000, 0x0000000100000000)
  eden space 143360K, 100% used [0x00000000f5580000,0x00000000fe180000,0x00000000fe180000)
  from space 7168K, 99% used [0x00000000ff380000,0x00000000ffa7efc0,0x00000000ffa80000)
  to   space 11776K, 0% used [0x00000000fe380000,0x00000000fe380000,0x00000000fef00000)
 ParOldGen       total 175104K, used 14350K [0x00000000e0000000, 0x00000000eab00000, 0x00000000f5580000)
  object space 175104K, 8% used [0x00000000e0000000,0x00000000e0e03868,0x00000000eab00000)
 Metaspace       used 45781K, capacity 48764K, committed 49024K, reserved 1091584K
  class space    used 6666K, capacity 7210K, committed 7296K, reserved 1048576K
Event: 18.529 GC heap after
Heap after GC invocations=11 (full 2):
 PSYoungGen      total 157184K, used 11769K [0x00000000f5580000, 0x0000000100000000, 0x0000000100000000)
  eden space 145408K, 0% used [0x00000000f5580000,0x00000000f5580000,0x00000000fe380000)
  from space 11776K, 99% used [0x00000000fe380000,0x00000000feefe4b0,0x00000000fef00000)
  to   space 12800K, 0% used [0x00000000ff380000,0x00000000ff380000,0x0000000100000000)
 ParOldGen       total 175104K, used 14421K [0x00000000e0000000, 0x00000000eab00000, 0x00000000f5580000)
  object space 175104K, 8% used [0x00000000e0000000,0x00000000e0e154d0,0x00000000eab00000)
 Metaspace       used 45781K, capacity 48764K, committed 49024K, reserved 1091584K
  class space    used 6666K, capacity 7210K, committed 7296K, reserved 1048576K
}
Event: 22.696 GC heap before
{Heap before GC invocations=12 (full 2):
 PSYoungGen      total 157184K, used 157177K [0x00000000f5580000, 0x0000000100000000, 0x0000000100000000)
  eden space 145408K, 100% used [0x00000000f5580000,0x00000000fe380000,0x00000000fe380000)
  from space 11776K, 99% used [0x00000000fe380000,0x00000000feefe4b0,0x00000000fef00000)
  to   space 12800K, 0% used [0x00000000ff380000,0x00000000ff380000,0x0000000100000000)
 ParOldGen       total 175104K, used 14421K [0x00000000e0000000, 0x00000000eab00000, 0x00000000f5580000)
  object space 175104K, 8% used [0x00000000e0000000,0x00000000e0e154d0,0x00000000eab00000)
 Metaspace       used 51366K, capacity 54632K, committed 54784K, reserved 1095680K
  class space    used 7377K, capacity 7936K, committed 7936K, reserved 1048576K
Event: 22.739 GC heap after
Heap after GC invocations=12 (full 2):
 PSYoungGen      total 154624K, used 12776K [0x00000000f5580000, 0x0000000100000000, 0x0000000100000000)
  eden space 141824K, 0% used [0x00000000f5580000,0x00000000f5580000,0x00000000fe000000)
  from space 12800K, 99% used [0x00000000ff380000,0x00000000ffffa040,0x0000000100000000)
  to   space 16384K, 0% used [0x00000000fe000000,0x00000000fe000000,0x00000000ff000000)
 ParOldGen       total 175104K, used 19968K [0x00000000e0000000, 0x00000000eab00000, 0x00000000f5580000)
  object space 175104K, 11% used [0x00000000e0000000,0x00000000e1380200,0x00000000eab00000)
 Metaspace       used 51366K, capacity 54632K, committed 54784K, reserved 1095680K
  class space    used 7377K, capacity 7936K, committed 7936K, reserved 1048576K
}

